<?xml version="1.0" encoding="UTF-8"?>
<testng-results skipped="0" failed="0" ignored="0" total="0" passed="0">
  <reporter-output>
  </reporter-output>
  <suite name="Tests.GetAPITest" duration-ms="8" started-at="2022-05-01T16:00:11 EDT" finished-at="2022-05-01T16:00:11 EDT">
    <groups>
    </groups>
    <test name="Command line test" duration-ms="8" started-at="2022-05-01T16:00:11 EDT" finished-at="2022-05-01T16:00:11 EDT">
    </test> <!-- Command line test -->
  </suite> <!-- Tests.GetAPITest -->
</testng-results>
