<?xml version="1.0" encoding="UTF-8"?>
<testng-results ignored="0" total="1" passed="1" failed="0" skipped="0">
  <reporter-output>
  </reporter-output>
  <suite started-at="2022-05-03T15:29:55 EDT" name="Default suite" finished-at="2022-05-03T15:29:56 EDT" duration-ms="983">
    <groups>
    </groups>
    <test started-at="2022-05-03T15:29:55 EDT" name="Default test" finished-at="2022-05-03T15:29:56 EDT" duration-ms="983">
      <class name="Tests.PostAPITest">
        <test-method is-config="true" signature="openURI()[pri:0, instance:Tests.PostAPITest@50ad3bc1]" started-at="2022-05-03T15:29:55 EDT" name="openURI" finished-at="2022-05-03T15:29:55 EDT" duration-ms="4" status="PASS">
          <reporter-output>
          </reporter-output>
        </test-method> <!-- openURI -->
        <test-method signature="postAPITest()[pri:0, instance:Tests.PostAPITest@50ad3bc1]" started-at="2022-05-03T15:29:55 EDT" name="postAPITest" finished-at="2022-05-03T15:29:56 EDT" duration-ms="946" status="PASS">
          <reporter-output>
          </reporter-output>
        </test-method> <!-- postAPITest -->
      </class> <!-- Tests.PostAPITest -->
    </test> <!-- Default test -->
  </suite> <!-- Default suite -->
</testng-results>
