<?xml version="1.0" encoding="UTF-8"?>
<testng-results ignored="0" total="2" passed="2" failed="0" skipped="0">
  <reporter-output>
  </reporter-output>
  <suite started-at="2022-05-01T20:02:07 EDT" name="Default suite" finished-at="2022-05-01T20:02:07 EDT" duration-ms="769">
    <groups>
    </groups>
    <test started-at="2022-05-01T20:02:07 EDT" name="Default test" finished-at="2022-05-01T20:02:07 EDT" duration-ms="769">
      <class name="Tests.GetAPITest">
        <test-method is-config="true" signature="openURI()[pri:0, instance:Tests.GetAPITest@1b6e1eff]" started-at="2022-05-01T20:02:07 EDT" name="openURI" finished-at="2022-05-01T20:02:07 EDT" duration-ms="3" status="PASS">
          <reporter-output>
          </reporter-output>
        </test-method> <!-- openURI -->
        <test-method signature="getAPITestWithHeader()[pri:0, instance:Tests.GetAPITest@1b6e1eff]" started-at="2022-05-01T20:02:07 EDT" name="getAPITestWithHeader" finished-at="2022-05-01T20:02:07 EDT" duration-ms="630" status="PASS">
          <reporter-output>
          </reporter-output>
        </test-method> <!-- getAPITestWithHeader -->
        <test-method is-config="true" signature="openURI()[pri:0, instance:Tests.GetAPITest@1b6e1eff]" started-at="2022-05-01T20:02:07 EDT" name="openURI" finished-at="2022-05-01T20:02:07 EDT" duration-ms="1" status="PASS">
          <reporter-output>
          </reporter-output>
        </test-method> <!-- openURI -->
        <test-method signature="getAPITestWithoutHeader()[pri:0, instance:Tests.GetAPITest@1b6e1eff]" started-at="2022-05-01T20:02:07 EDT" name="getAPITestWithoutHeader" finished-at="2022-05-01T20:02:07 EDT" duration-ms="100" status="PASS">
          <reporter-output>
          </reporter-output>
        </test-method> <!-- getAPITestWithoutHeader -->
      </class> <!-- Tests.GetAPITest -->
    </test> <!-- Default test -->
  </suite> <!-- Default suite -->
</testng-results>
